Release 14.2 Map P.28xd (nt64)
Xilinx Mapping Report File for Design 'top'

Design Information
------------------
Command Line   : map -intstyle ise -p xc3s200-ft256-4 -cm area -ir off -pr off
-c 100 -o top_map.ncd top.ngd top.pcf 
Target Device  : xc3s200
Target Package : ft256
Target Speed   : -4
Mapper Version : spartan3 -- $Revision: 1.55 $
Mapped Date    : Mon Jan 18 18:04:39 2016

Design Summary
--------------
Number of errors:      0
Number of warnings:    3
Logic Utilization:
  Total Number Slice Registers:         431 out of   3,840   11%
    Number used as Flip Flops:          350
    Number used as Latches:              81
  Number of 4 input LUTs:             1,582 out of   3,840   41%
Logic Distribution:
  Number of occupied Slices:            946 out of   1,920   49%
    Number of Slices containing only related logic:     946 out of     946 100%
    Number of Slices containing unrelated logic:          0 out of     946   0%
      *See NOTES below for an explanation of the effects of unrelated logic.
  Total Number of 4 input LUTs:       1,653 out of   3,840   43%
    Number used as logic:             1,582
    Number used as a route-thru:         71

  The Slice Logic Distribution report is not meaningful if the design is
  over-mapped for a non-slice resource or if Placement fails.

  Number of bonded IOBs:                 32 out of     173   18%
  Number of BUFGMUXs:                     4 out of       8   50%

Average Fanout of Non-Clock Nets:                3.78

Peak Memory Usage:  242 MB
Total REAL time to MAP completion:  8 secs 
Total CPU time to MAP completion:   5 secs 

NOTES:

   Related logic is defined as being logic that shares connectivity - e.g. two
   LUTs are "related" if they share common inputs.  When assembling slices,
   Map gives priority to combine logic that is related.  Doing so results in
   the best timing performance.

   Unrelated logic shares no connectivity.  Map will only begin packing
   unrelated logic into a slice once 99% of the slices are occupied through
   related logic packing.

   Note that once logic distribution reaches the 99% level through related
   logic packing, this does not mean the device is completely utilized.
   Unrelated logic packing will then begin, continuing until all usable LUTs
   and FFs are occupied.  Depending on your timing budget, increased levels of
   unrelated logic packing may adversely affect the overall timing performance
   of your design.

Table of Contents
-----------------
Section 1 - Errors
Section 2 - Warnings
Section 3 - Informational
Section 4 - Removed Logic Summary
Section 5 - Removed Logic
Section 6 - IOB Properties
Section 7 - RPMs
Section 8 - Guide Report
Section 9 - Area Group and Partition Summary
Section 10 - Timing Report
Section 11 - Configuration String Information
Section 12 - Control Set Information
Section 13 - Utilization by Hierarchy

Section 1 - Errors
------------------

Section 2 - Warnings
--------------------
WARNING:PhysDesignRules:372 - Gated clock. Clock net ft/ftROM/data_not0001 is
   sourced by a combinatorial pin. This is not good design practice. Use the CE
   pin to control the loading of data into the flip-flop.
WARNING:PhysDesignRules:372 - Gated clock. Clock net ft/p1win_addr_not0001 is
   sourced by a combinatorial pin. This is not good design practice. Use the CE
   pin to control the loading of data into the flip-flop.
WARNING:PhysDesignRules:372 - Gated clock. Clock net ft/font_addr_not0001 is
   sourced by a combinatorial pin. This is not good design practice. Use the CE
   pin to control the loading of data into the flip-flop.

Section 3 - Informational
-------------------------
INFO:LIT:243 - Logical network btn<3>_IBUF has no load.
INFO:LIT:395 - The above info message is repeated 9 more times for the following
   (max. 5 shown):
   btn<2>_IBUF,
   btn<1>_IBUF,
   btn<0>_IBUF,
   sw<7>_IBUF,
   sw<6>_IBUF
   To see the details of these info messages, please use the -detail switch.
INFO:MapLib:562 - No environment variables are currently set.
INFO:MapLib:159 - Net Timing constraints on signal clk are pushed forward
   through input buffer.
INFO:LIT:244 - All of the single ended outputs in this design are using slew
   rate limited output drivers. The delay on speed critical single ended outputs
   can be dramatically reduced by designating them as fast outputs.

Section 4 - Removed Logic Summary
---------------------------------
  12 block(s) removed
  13 block(s) optimized away
  12 signal(s) removed

Section 5 - Removed Logic
-------------------------

The trimmed logic reported below is either:
   1. part of a cycle
   2. part of disabled logic
   3. a side-effect of other trimmed logic

The signal "disp/XLXI_2/XLXI_5/XLXN_17" is unused and has been removed.
 Unused block "disp/XLXI_2/XLXI_5/XLXI_9" (BUF) removed.
The signal "disp/XLXI_2/XLXI_5/XLXN_20" is unused and has been removed.
 Unused block "disp/XLXI_2/XLXI_5/XLXI_10" (BUF) removed.
The signal "disp/XLXI_2/XLXI_5/XLXN_26" is unused and has been removed.
 Unused block "disp/XLXI_2/XLXI_5/XLXI_1" (AND) removed.
The signal "disp/XLXI_2/XLXI_5/XLXN_27" is unused and has been removed.
 Unused block "disp/XLXI_2/XLXI_5/XLXI_2" (AND) removed.
The signal "disp/XLXI_2/XLXI_5/XLXN_28" is unused and has been removed.
 Unused block "disp/XLXI_2/XLXI_5/XLXI_3" (AND) removed.
The signal "disp/XLXI_2/XLXI_5/XLXN_29" is unused and has been removed.
 Unused block "disp/XLXI_2/XLXI_5/XLXI_4" (AND) removed.
The signal "disp/XLXI_2/XLXI_6/XLXN_17" is unused and has been removed.
 Unused block "disp/XLXI_2/XLXI_6/XLXI_9" (BUF) removed.
The signal "disp/XLXI_2/XLXI_6/XLXN_20" is unused and has been removed.
 Unused block "disp/XLXI_2/XLXI_6/XLXI_10" (BUF) removed.
The signal "disp/XLXI_2/XLXI_6/XLXN_26" is unused and has been removed.
 Unused block "disp/XLXI_2/XLXI_6/XLXI_1" (AND) removed.
The signal "disp/XLXI_2/XLXI_6/XLXN_27" is unused and has been removed.
 Unused block "disp/XLXI_2/XLXI_6/XLXI_2" (AND) removed.
The signal "disp/XLXI_2/XLXI_6/XLXN_28" is unused and has been removed.
 Unused block "disp/XLXI_2/XLXI_6/XLXI_3" (AND) removed.
The signal "disp/XLXI_2/XLXI_6/XLXN_29" is unused and has been removed.
 Unused block "disp/XLXI_2/XLXI_6/XLXI_4" (AND) removed.

Optimized Block(s):
TYPE 		BLOCK
GND 		XST_GND
VCC 		XST_VCC
OR4 		disp/XLXI_2/XLXI_5/XLXI_11
AND2 		disp/XLXI_2/XLXI_5/XLXI_5
AND2 		disp/XLXI_2/XLXI_5/XLXI_6
AND2 		disp/XLXI_2/XLXI_5/XLXI_7
AND2 		disp/XLXI_2/XLXI_5/XLXI_8
OR4 		disp/XLXI_2/XLXI_6/XLXI_11
AND2 		disp/XLXI_2/XLXI_6/XLXI_5
AND2 		disp/XLXI_2/XLXI_6/XLXI_6
AND2 		disp/XLXI_2/XLXI_6/XLXI_7
AND2 		disp/XLXI_2/XLXI_6/XLXI_8
INV 		disp/XLXI_3/XLXI_297

To enable printing of redundant blocks removed and signals merged, set the
detailed map report option and rerun map.

Section 6 - IOB Properties
--------------------------

+---------------------------------------------------------------------------------------------------------------------------------------------------------+
| IOB Name                           | Type             | Direction | IO Standard          | Diff  | Drive    | Slew | Reg (s)      | Resistor | IOB      |
|                                    |                  |           |                      | Term  | Strength | Rate |              |          | Delay    |
+---------------------------------------------------------------------------------------------------------------------------------------------------------+
| an<0>                              | IOB              | OUTPUT    | LVCMOS25             |       | 12       | SLOW |              |          |          |
| an<1>                              | IOB              | OUTPUT    | LVCMOS25             |       | 12       | SLOW |              |          |          |
| an<2>                              | IOB              | OUTPUT    | LVCMOS25             |       | 12       | SLOW |              |          |          |
| an<3>                              | IOB              | OUTPUT    | LVCMOS25             |       | 12       | SLOW |              |          |          |
| btn<0>                             | IOB              | INPUT     | LVCMOS25             |       |          |      |              |          |          |
| btn<1>                             | IOB              | INPUT     | LVCMOS25             |       |          |      |              |          |          |
| btn<2>                             | IOB              | INPUT     | LVCMOS25             |       |          |      |              |          |          |
| btn<3>                             | IOB              | INPUT     | LVCMOS25             |       |          |      |              |          |          |
| clk                                | IOB              | INPUT     | LVCMOS25             |       |          |      |              |          |          |
| hsync                              | IOB              | OUTPUT    | LVCMOS25             |       | 12       | SLOW |              |          |          |
| ps2c                               | IOB              | INPUT     | LVCMOS25             |       |          |      |              |          |          |
| ps2d                               | IOB              | INPUT     | LVCMOS25             |       |          |      |              |          |          |
| rgb<0>                             | IOB              | OUTPUT    | LVCMOS25             |       | 12       | SLOW |              |          |          |
| rgb<1>                             | IOB              | OUTPUT    | LVCMOS25             |       | 12       | SLOW |              |          |          |
| rgb<2>                             | IOB              | OUTPUT    | LVCMOS25             |       | 12       | SLOW |              |          |          |
| segment<0>                         | IOB              | OUTPUT    | LVCMOS25             |       | 12       | SLOW |              |          |          |
| segment<1>                         | IOB              | OUTPUT    | LVCMOS25             |       | 12       | SLOW |              |          |          |
| segment<2>                         | IOB              | OUTPUT    | LVCMOS25             |       | 12       | SLOW |              |          |          |
| segment<3>                         | IOB              | OUTPUT    | LVCMOS25             |       | 12       | SLOW |              |          |          |
| segment<4>                         | IOB              | OUTPUT    | LVCMOS25             |       | 12       | SLOW |              |          |          |
| segment<5>                         | IOB              | OUTPUT    | LVCMOS25             |       | 12       | SLOW |              |          |          |
| segment<6>                         | IOB              | OUTPUT    | LVCMOS25             |       | 12       | SLOW |              |          |          |
| segment<7>                         | IOB              | OUTPUT    | LVCMOS25             |       | 12       | SLOW |              |          |          |
| sw<0>                              | IOB              | INPUT     | LVCMOS25             |       |          |      |              |          |          |
| sw<1>                              | IOB              | INPUT     | LVCMOS25             |       |          |      |              |          |          |
| sw<2>                              | IOB              | INPUT     | LVCMOS25             |       |          |      |              |          |          |
| sw<3>                              | IOB              | INPUT     | LVCMOS25             |       |          |      |              |          |          |
| sw<4>                              | IOB              | INPUT     | LVCMOS25             |       |          |      |              |          |          |
| sw<5>                              | IOB              | INPUT     | LVCMOS25             |       |          |      |              |          |          |
| sw<6>                              | IOB              | INPUT     | LVCMOS25             |       |          |      |              |          |          |
| sw<7>                              | IOB              | INPUT     | LVCMOS25             |       |          |      |              |          |          |
| vsync                              | IOB              | OUTPUT    | LVCMOS25             |       | 12       | SLOW |              |          |          |
+---------------------------------------------------------------------------------------------------------------------------------------------------------+

Section 7 - RPMs
----------------

Section 8 - Guide Report
------------------------
Guide not run on this design.

Section 9 - Area Group and Partition Summary
--------------------------------------------

Partition Implementation Status
-------------------------------

  No Partitions were found in this design.

-------------------------------

Area Group Information
----------------------

  No area groups were found in this design.

----------------------

Section 10 - Timing Report
--------------------------
This design was not run using timing mode.

Section 11 - Configuration String Details
-----------------------------------------
Use the "-detail" map option to print out Configuration Strings

Section 12 - Control Set Information
------------------------------------
No control set information for this architecture.

Section 13 - Utilization by Hierarchy
-------------------------------------
Use the "-detail" map option to print out the Utilization by Hierarchy section.
